<?xml version="1.1" encoding="UTF-8"?>
<testsuite name="unc.fcefyn.lac.tesisCaroFurey.herramientaPN.manejadorEtiquetas.ManejadorEtiquetasTest" tests="1" failures="0" errors="0" timestamp="2014-02-13T11:45:24" hostname="FUREYNAC" time="0.004">
  <properties/>
  <testcase name="testManejadorEtiquetas" classname="unc.fcefyn.lac.tesisCaroFurey.herramientaPN.manejadorEtiquetas.ManejadorEtiquetasTest" time="0.004"/>
  <system-out><![CDATA[]]></system-out>
  <system-err><![CDATA[]]></system-err>
</testsuite>
