<?xml version="1.1" encoding="UTF-8"?>
<testsuite name="unc.fcefyn.lac.tesisCaroFurey.generacionCodigo.GeneradorHilosJavaTest" tests="1" failures="0" errors="0" timestamp="2014-02-13T11:45:21" hostname="FUREYNAC" time="0.43">
  <properties/>
  <testcase name="testGeneradorHilosJava" classname="unc.fcefyn.lac.tesisCaroFurey.generacionCodigo.GeneradorHilosJavaTest" time="0.43"/>
  <system-out><![CDATA[
]]></system-out>
  <system-err><![CDATA[]]></system-err>
</testsuite>
