<?xml version="1.1" encoding="UTF-8"?>
<testsuite name="unc.fcefyn.lac.tesisCaroFurey.interfazGrafica.ValoresTransicionTest" tests="4" failures="0" errors="0" timestamp="2014-02-13T11:45:26" hostname="FUREYNAC" time="0.07">
  <properties/>
  <testcase name="testSetIdHiloActualEqualIdHiloDisparo" classname="unc.fcefyn.lac.tesisCaroFurey.interfazGrafica.ValoresTransicionTest" time="0.035"/>
  <testcase name="testRemoverHilo" classname="unc.fcefyn.lac.tesisCaroFurey.interfazGrafica.ValoresTransicionTest" time="0.013"/>
  <testcase name="testSetIdHiloActualEqualIdHiloInforme" classname="unc.fcefyn.lac.tesisCaroFurey.interfazGrafica.ValoresTransicionTest" time="0.009"/>
  <testcase name="testGenerarTransicionHilo" classname="unc.fcefyn.lac.tesisCaroFurey.interfazGrafica.ValoresTransicionTest" time="0.012"/>
  <system-out><![CDATA[]]></system-out>
  <system-err><![CDATA[]]></system-err>
</testsuite>
