<?xml version="1.1" encoding="UTF-8"?>
<testsuite name="unc.fcefyn.lac.tesisCaroFurey.herramientaPN.manejadorMatrizyMarcado.testMatrizIncidenciaMarcadoInicial" tests="3" failures="0" errors="0" timestamp="2014-02-13T11:45:24" hostname="FUREYNAC" time="0.002">
  <properties/>
  <testcase name="testSetSourceTargetEnPlazasTiraExcepcion" classname="unc.fcefyn.lac.tesisCaroFurey.herramientaPN.manejadorMatrizyMarcado.testMatrizIncidenciaMarcadoInicial" time="0.0"/>
  <testcase name="testSetSourceTargetEnTransicionTiraExcepcion" classname="unc.fcefyn.lac.tesisCaroFurey.herramientaPN.manejadorMatrizyMarcado.testMatrizIncidenciaMarcadoInicial" time="0.0"/>
  <testcase name="testMatrizYMarcadoComoString" classname="unc.fcefyn.lac.tesisCaroFurey.herramientaPN.manejadorMatrizyMarcado.testMatrizIncidenciaMarcadoInicial" time="0.0"/>
  <system-out><![CDATA[]]></system-out>
  <system-err><![CDATA[]]></system-err>
</testsuite>
