<?xml version="1.1" encoding="UTF-8"?>
<testsuite name="unc.fcefyn.lac.tesisCaroFurey.generacionCodigo.GeneradorMainJavaTest" tests="1" failures="0" errors="0" timestamp="2014-02-13T11:45:22" hostname="FUREYNAC" time="0.168">
  <properties/>
  <testcase name="testGeneradorMainJava" classname="unc.fcefyn.lac.tesisCaroFurey.generacionCodigo.GeneradorMainJavaTest" time="0.168"/>
  <system-out><![CDATA[
]]></system-out>
  <system-err><![CDATA[]]></system-err>
</testsuite>
