<?xml version="1.1" encoding="UTF-8"?>
<testsuite name="unc.fcefyn.lac.tesisCaroFurey.herramientaPN.testTina" tests="3" failures="0" errors="0" timestamp="2014-02-13T11:45:23" hostname="FUREYNAC" time="0.237">
  <properties/>
  <testcase name="testActualizarDatosRedPetri" classname="unc.fcefyn.lac.tesisCaroFurey.herramientaPN.testTina" time="0.142"/>
  <testcase name="testConvertirANDR" classname="unc.fcefyn.lac.tesisCaroFurey.herramientaPN.testTina" time="0.031"/>
  <testcase name="testMostrarEnFormatoNET" classname="unc.fcefyn.lac.tesisCaroFurey.herramientaPN.testTina" time="0.061"/>
  <system-out><![CDATA[]]></system-out>
  <system-err><![CDATA[
]]></system-err>
</testsuite>
